<?xml version="1.0" encoding="UTF-8"?>
<!-- Generated by org.testng.reporters.JUnitReportReporter -->
<testsuite hostname="iam" failures="0" tests="1" name="MavenTesting" time="0.017" errors="0" timestamp="2022-08-03T12:48:32 CDT" skipped="0">
  <testcase classname="MavenTesting" name="shouldAddTwoNumbers" time="0.017"/>
  <system-out/>
</testsuite> <!-- MavenTesting -->
