<?xml version="1.0" encoding="UTF-8"?>
<!-- Generated by org.testng.reporters.JUnitReportReporter -->
<testsuite hostname="iam" failures="0" tests="1" name="CalculatorTest" time="0.017" errors="0" timestamp="2022-08-04T10:49:11 CDT" skipped="0">
  <testcase classname="CalculatorTest" name="shouldAddTwoNumbers" time="0.017"/>
  <system-out/>
</testsuite> <!-- CalculatorTest -->
