<?xml version="1.0" encoding="UTF-8"?>
<!-- Generated by org.testng.reporters.JUnitReportReporter -->
<testsuite hostname="iam" failures="0" tests="5" name="CalculatorTest" time="0.039" errors="0" timestamp="2022-08-05T10:18:50 CDT" skipped="0">
  <testcase classname="CalculatorTest" name="shouldDivideTwoNumbers" time="0.002"/>
  <system-out/>
  <testcase classname="CalculatorTest" name="shouldMultiplyTwoNumbers" time="0.002"/>
  <system-out/>
  <testcase classname="CalculatorTest" name="shouldAddTwoNumbers" time="0.029"/>
  <system-out/>
  <testcase classname="CalculatorTest" name="shouldSubtractTwoNumbers" time="0.001"/>
  <system-out/>
  <testcase classname="CalculatorTest" name="shouldThrowsInvalidDivisionException" time="0.005"/>
  <system-out/>
</testsuite> <!-- CalculatorTest -->
